生成启动时间为 2022/7/27 23:23:07。
     1>项目“D:\RAT\Client\Kernel\Kernel\Kernel.vcxproj”在节点 2 上(Build 个目标)。
     1>ClCompile:
         D:\Program Files (x86)\Microsoft Visual Studio 12.0\VC\bin\CL.exe /c /Zi /nologo /W3 /WX- /O2 /Oi /Oy- /GL /D WIN32 /D NDEBUG /D _CONSOLE /D _LIB /D _USING_V110_SDK71_ /D _UNICODE /D UNICODE /Gm- /EHsc /MT /GS- /Gy /fp:precise /Zc:wchar_t /Zc:forScope /Fo"Release\\" /Fd"Release\vc120.pdb" /Gd /TP /analyze- /errorReport:prompt Kernel.cpp ModuleMgr.cpp
         Kernel.cpp
     1>d:\rat\client\kernel\kernel\ModuleMgr.h(37): warning C4240: 使用了非标准扩展: 对“CModuleMgr::RunCtx”的访问现在被定义为“public”，而以前被定义为“private”
                 d:\rat\client\kernel\kernel\ModuleMgr.h(26) : 参见“CModuleMgr::RunCtx”的声明
     1>Kernel.cpp(479): warning C4996: 'localtime': This function or variable may be unsafe. Consider using localtime_s instead. To disable deprecation, use _CRT_SECURE_NO_WARNINGS. See online help for details.
                 D:\Program Files (x86)\Microsoft Visual Studio 12.0\VC\include\time.inl(112) : 参见“localtime”的声明
     1>d:\rat\client\kernel\kernel\..\FileManager\FileDownloader.h(76): warning C4240: 使用了非标准扩展: 对“CFileDownloader::InitParam”的访问现在被定义为“public”，而以前被定义为“private”
                 d:\rat\client\kernel\kernel\..\FileManager\FileDownloader.h(65) : 参见“CFileDownloader::InitParam”的声明
         ModuleMgr.cpp
     1>d:\rat\client\kernel\kernel\ModuleMgr.h(37): warning C4240: 使用了非标准扩展: 对“CModuleMgr::RunCtx”的访问现在被定义为“public”，而以前被定义为“private”
                 d:\rat\client\kernel\kernel\ModuleMgr.h(26) : 参见“CModuleMgr::RunCtx”的声明
     1>ModuleMgr.cpp(186): warning C4018: “<”: 有符号/无符号不匹配
     1>ModuleMgr.cpp(316): warning C4018: “<”: 有符号/无符号不匹配
       Link:
         D:\Program Files (x86)\Microsoft Visual Studio 12.0\VC\bin\link.exe /ERRORREPORT:PROMPT /OUT:"D:\RAT\Client\Kernel\Release\Kernel.exe" /INCREMENTAL:NO /NOLOGO kernel32.lib user32.lib gdi32.lib winspool.lib comdlg32.lib advapi32.lib shell32.lib ole32.lib oleaut32.lib uuid.lib odbc32.lib odbccp32.lib /MANIFEST:NO /PDB:"D:\RAT\Client\Kernel\Release\Kernel.pdb" /SUBSYSTEM:CONSOLE,"5.01" /OPT:REF /OPT:ICF /LTCG /TLBID:1 /DYNAMICBASE /NXCOMPAT /IMPLIB:"D:\RAT\Client\Kernel\Release\Kernel.lib" /MACHINE:X86 /SAFESEH Release\EventHandler.obj
         Release\IOCPClient.obj
         Release\Packet.obj
         Release\Kernel.obj
         Release\main.obj
         Release\ModuleMgr.obj
         正在生成代码
         已完成代码的生成
         Kernel.vcxproj -> D:\RAT\Client\Kernel\Release\Kernel.exe
     1>已完成生成项目“D:\RAT\Client\Kernel\Kernel\Kernel.vcxproj”(Build 个目标)的操作。

生成成功。

已用时间 00:00:01.18
