e:\myprojects\rat\client\kernel\debug\audio.lib
e:\myprojects\rat\client\kernel\debug\audio.exp
e:\myprojects\rat\client\kernel\audio\debug\vc120.pdb
e:\myprojects\rat\client\kernel\audio\debug\vc120.idb
e:\myprojects\rat\client\kernel\audio\debug\iocpclient.obj
e:\myprojects\rat\client\kernel\audio\debug\packet.obj
e:\myprojects\rat\client\kernel\audio\debug\audio.obj
e:\myprojects\rat\client\kernel\audio\debug\main.obj
e:\myprojects\rat\client\kernel\audio\debug\audiograb.obj
e:\myprojects\rat\client\kernel\audio\debug\manager.obj
e:\myprojects\rat\client\kernel\audio\debug\msghandler.obj
e:\myprojects\rat\client\kernel\debug\audio.ilk
e:\myprojects\rat\client\kernel\debug\audio.dll
e:\myprojects\rat\client\kernel\debug\audio.pdb
e:\myprojects\rat\client\kernel\audio\debug\eventhandler.obj
e:\myprojects\rat\client\kernel\audio\debug\audio.tlog\audio.write.1u.tlog
e:\myprojects\rat\client\kernel\audio\debug\audio.tlog\cl.command.1.tlog
e:\myprojects\rat\client\kernel\audio\debug\audio.tlog\cl.read.1.tlog
e:\myprojects\rat\client\kernel\audio\debug\audio.tlog\cl.write.1.tlog
e:\myprojects\rat\client\kernel\audio\debug\audio.tlog\link.command.1.tlog
e:\myprojects\rat\client\kernel\audio\debug\audio.tlog\link.read.1.tlog
e:\myprojects\rat\client\kernel\audio\debug\audio.tlog\link.write.1.tlog
