2023.01.01.23.47:
	- 1. Server FileMgr 去掉了 Rename Dialog,使用CListCtrl自带的edit功能
	- 2. New Folder改了一下
	- 3. 增加了 FILE_MGR_ECHO,和FILE_MGR_ERROR 功能,ERROR还没实现.

2023.01.02.xx.xx:
	- 1. 修改Handler 与 Window的关系, Window始终比Handler 迟释放,在Handler关闭时,不一定要释放Window,
	     而是根据Handler 是否是由Window关闭来决定.

2023.01.03.xx.xx:
	- 1. 修改了文件传输的界面.

2023.01.08.14.47:
	- 1. 增加了AudioPlay类,调整了AudioGrab类,
	- 2. 服务端增加发送本地语音到远程主机.

2023.01.09.18.20：
	- 1. 修改了Cmd 的界面

2023.01.09.23.38：
	- 1. File Transfer Edit 字数问题,改为 CRichEditCtrl
	- 2. Create 失败可能会delete pDlg,(具体原因不清楚),改为ASSERT,假设一定会成功.

2023.01.11.18.11：
	- 1. RemoteDesktop 改用线程发送.
	- 2. x264编码器参数设置
	- 3. 通过设置编码参数能够降低延迟，增大FPS,但是画面代价是画面质量降低

2023.01.11.18.13：
	- 1. IOCPClient Bug: 在OnRead 里面没有加上偏移，导致在网速很差的情况下才能触发这个Bug.

2023.01.11.19.34：
	- 1. 增加socks4,5代理(目前只支持connect命令).
		0.1 客户端使用多线程，服务器使用CSocket
		0.2 客户端使用IOCP,服务器使用CSocket
		0.3 客户端使用IOCP,服务器使用CSocket + CThread (单独一个Thread 跑服务器)
		0.4 客户端使用IOCP,服务器使用IOCP (最终还是使用了IOCP,前面的效率太低了,而且CSocket会造成窗口卡顿)

2023.01.21.19.57:
	- 1. 重构代码...去除了CManager这个蹩脚的类.(不要瞎抽象)

2023.01.24.19.51:
	- 1. 修改Camera窗口,增加CCameraWnd类,删除CCameraDlg类