生成启动时间为 2023/2/9 10:07:28。
     1>项目“E:\MyProjects\RAT\Client\Kernel\Kernel.vcxproj”在节点 2 上(Rebuild 个目标)。
     1>ClCompile:
         D:\Program Files (x86)\Microsoft Visual Studio 12.0\VC\bin\CL.exe /c /ZI /nologo /W3 /WX- /Od /Oy- /D WIN32 /D _DEBUG /D _CONSOLE /D _LIB /D _USING_V110_SDK71_ /D _UNICODE /D UNICODE /Gm /EHsc /RTC1 /MTd /GS /fp:precise /Zc:wchar_t /Zc:forScope /Fo"Debug\\" /Fd"Debug\vc120.pdb" /Gd /TP /analyze- /errorReport:prompt ..\Common\MsgHandler.cpp ..\Common\IOCPClient.cpp ..\Common\Packet.cpp ..\Common\utils.cpp Kernel.cpp main.cpp ModuleMgr.cpp
         ModuleMgr.cpp
     1>e:\myprojects\rat\client\kernel\modulemgr.h(53): warning C4240: 使用了非标准扩展: 对“CModuleMgr::RunCtx”的访问现在被定义为“public”，而以前被定义为“private”
                 e:\myprojects\rat\client\kernel\modulemgr.h(43) : 参见“CModuleMgr::RunCtx”的声明
     1>e:\myprojects\rat\client\kernel\modulemgr.cpp(158): warning C4018: “<”: 有符号/无符号不匹配
     1>e:\myprojects\rat\client\kernel\modulemgr.cpp(288): warning C4018: “<”: 有符号/无符号不匹配
         main.cpp
         Kernel.cpp
     1>e:\myprojects\rat\client\kernel\modulemgr.h(53): warning C4240: 使用了非标准扩展: 对“CModuleMgr::RunCtx”的访问现在被定义为“public”，而以前被定义为“private”
                 e:\myprojects\rat\client\kernel\modulemgr.h(43) : 参见“CModuleMgr::RunCtx”的声明
     1>e:\myprojects\rat\client\kernel\kernel.cpp(319): warning C4244: “=”: 从“double”转换到“DWORD”，可能丢失数据
     1>e:\myprojects\rat\client\kernel\kernel.cpp(482): warning C4996: 'swprintf': swprintf has been changed to conform with the ISO C standard, adding an extra character count parameter. To use traditional Microsoft swprintf, set _CRT_NON_CONFORMING_SWPRINTFS.
                 d:\program files (x86)\microsoft visual studio 12.0\vc\include\swprintf.inl(85) : 参见“swprintf”的声明
     1>e:\myprojects\rat\client\kernel\kernel.cpp(561): warning C4996: 'localtime': This function or variable may be unsafe. Consider using localtime_s instead. To disable deprecation, use _CRT_SECURE_NO_WARNINGS. See online help for details.
                 d:\program files (x86)\microsoft visual studio 12.0\vc\include\time.inl(112) : 参见“localtime”的声明
     1>e:\myprojects\rat\client\kernel\kernel.cpp(685): warning C4996: 'swprintf': swprintf has been changed to conform with the ISO C standard, adding an extra character count parameter. To use traditional Microsoft swprintf, set _CRT_NON_CONFORMING_SWPRINTFS.
                 d:\program files (x86)\microsoft visual studio 12.0\vc\include\swprintf.inl(85) : 参见“swprintf”的声明
     1>e:\myprojects\rat\client\filemanager\filedownloader.h(56): warning C4240: 使用了非标准扩展: 对“CFileDownloader::InitParam”的访问现在被定义为“public”，而以前被定义为“private”
                 e:\myprojects\rat\client\filemanager\filedownloader.h(45) : 参见“CFileDownloader::InitParam”的声明
         utils.cpp
     1>e:\myprojects\rat\client\common\utils.cpp(58): warning C4244: “初始化”: 从“LONGLONG”转换到“double”，可能丢失数据
     1>e:\myprojects\rat\client\common\utils.cpp(68): warning C4996: 'swprintf': swprintf has been changed to conform with the ISO C standard, adding an extra character count parameter. To use traditional Microsoft swprintf, set _CRT_NON_CONFORMING_SWPRINTFS.
                 d:\program files (x86)\microsoft visual studio 12.0\vc\include\swprintf.inl(85) : 参见“swprintf”的声明
     1>e:\myprojects\rat\client\common\utils.cpp(82): warning C4800: “BOOL”: 将值强制为布尔值“true”或“false”(性能警告)
     1>e:\myprojects\rat\client\common\utils.cpp(88): warning C4800: “BOOL”: 将值强制为布尔值“true”或“false”(性能警告)
     1>e:\myprojects\rat\client\common\utils.cpp(102): warning C4800: “BOOL”: 将值强制为布尔值“true”或“false”(性能警告)
     1>e:\myprojects\rat\client\common\utils.cpp(108): warning C4800: “BOOL”: 将值强制为布尔值“true”或“false”(性能警告)
     1>e:\myprojects\rat\client\common\utils.cpp(122): warning C4800: “BOOL”: 将值强制为布尔值“true”或“false”(性能警告)
     1>e:\myprojects\rat\client\common\utils.cpp(128): warning C4800: “BOOL”: 将值强制为布尔值“true”或“false”(性能警告)
     1>e:\myprojects\rat\client\common\utils.cpp(209): warning C4996: 'vsnprintf': This function or variable may be unsafe. Consider using vsnprintf_s instead. To disable deprecation, use _CRT_SECURE_NO_WARNINGS. See online help for details.
                 d:\program files (x86)\microsoft visual studio 12.0\vc\include\stdio.h(337) : 参见“vsnprintf”的声明
     1>e:\myprojects\rat\client\common\utils.cpp(214): warning C4996: 'localtime': This function or variable may be unsafe. Consider using localtime_s instead. To disable deprecation, use _CRT_SECURE_NO_WARNINGS. See online help for details.
                 d:\program files (x86)\microsoft visual studio 12.0\vc\include\time.inl(112) : 参见“localtime”的声明
     1>e:\myprojects\rat\client\common\utils.cpp(216): warning C4996: 'sprintf': This function or variable may be unsafe. Consider using sprintf_s instead. To disable deprecation, use _CRT_SECURE_NO_WARNINGS. See online help for details.
                 d:\program files (x86)\microsoft visual studio 12.0\vc\include\stdio.h(356) : 参见“sprintf”的声明
     1>e:\myprojects\rat\client\common\utils.cpp(218): warning C4996: 'sprintf': This function or variable may be unsafe. Consider using sprintf_s instead. To disable deprecation, use _CRT_SECURE_NO_WARNINGS. See online help for details.
                 d:\program files (x86)\microsoft visual studio 12.0\vc\include\stdio.h(356) : 参见“sprintf”的声明
         Packet.cpp
         IOCPClient.cpp
         MsgHandler.cpp
         正在生成代码...
       Link:
         D:\Program Files (x86)\Microsoft Visual Studio 12.0\VC\bin\link.exe /ERRORREPORT:PROMPT /OUT:"E:\MyProjects\RAT\Client\Debug\Kernel.exe" /INCREMENTAL /NOLOGO kernel32.lib user32.lib gdi32.lib winspool.lib comdlg32.lib advapi32.lib shell32.lib ole32.lib oleaut32.lib uuid.lib odbc32.lib odbccp32.lib /MANIFEST /MANIFESTUAC:"level='asInvoker' uiAccess='false'" /manifest:embed /DEBUG /PDB:"E:\MyProjects\RAT\Client\Debug\Kernel.pdb" /SUBSYSTEM:CONSOLE,"5.01" /TLBID:1 /DYNAMICBASE:NO /NXCOMPAT /IMPLIB:"E:\MyProjects\RAT\Client\Debug\Kernel.lib" /MACHINE:X86 Debug\MsgHandler.obj
         Debug\IOCPClient.obj
         Debug\Packet.obj
         Debug\utils.obj
         Debug\Kernel.obj
         Debug\main.obj
         Debug\ModuleMgr.obj
     1>LIBCMTD.lib(crt0init.obj) : warning LNK4098: 默认库“libcmt.lib”与其他库的使用冲突；请使用 /NODEFAULTLIB:library
         Kernel.vcxproj -> E:\MyProjects\RAT\Client\Debug\Kernel.exe
     1>已完成生成项目“E:\MyProjects\RAT\Client\Kernel\Kernel.vcxproj”(Rebuild 个目标)的操作。

生成成功。

已用时间 00:00:05.84
