e:\myprojects\rat\client\debug\camera.lib
e:\myprojects\rat\client\debug\camera.exp
e:\myprojects\rat\client\camera\debug\vc120.pdb
e:\myprojects\rat\client\camera\debug\vc120.idb
e:\myprojects\rat\client\camera\debug\iocpclient.obj
e:\myprojects\rat\client\camera\debug\manager.obj
e:\myprojects\rat\client\camera\debug\msghandler.obj
e:\myprojects\rat\client\camera\debug\packet.obj
e:\myprojects\rat\client\camera\debug\camera.obj
e:\myprojects\rat\client\camera\debug\cameragrab.obj
e:\myprojects\rat\client\camera\debug\main.obj
e:\myprojects\rat\client\camera\debug\mysamplegrabbercb.obj
e:\myprojects\rat\client\camera\debug\utils.obj
e:\myprojects\rat\client\debug\camera.ilk
e:\myprojects\rat\client\debug\camera.exe
e:\myprojects\rat\client\debug\camera.pdb
e:\myprojects\rat\client\camera\debug\camera.tlog\camera.write.1u.tlog
e:\myprojects\rat\client\camera\debug\camera.tlog\cl.command.1.tlog
e:\myprojects\rat\client\camera\debug\camera.tlog\cl.read.1.tlog
e:\myprojects\rat\client\camera\debug\camera.tlog\cl.write.1.tlog
e:\myprojects\rat\client\camera\debug\camera.tlog\link.command.1.tlog
e:\myprojects\rat\client\camera\debug\camera.tlog\link.read.1.tlog
e:\myprojects\rat\client\camera\debug\camera.tlog\link.write.1.tlog
