e:\myprojects\rat\server\holdinghands\debug\holdinghands.pch
e:\myprojects\rat\server\holdinghands\debug\vc120.pdb
e:\myprojects\rat\server\holdinghands\debug\vc120.idb
e:\myprojects\rat\server\holdinghands\debug\stdafx.obj
e:\myprojects\rat\server\holdinghands\debug\filemgrsearchsrv.obj
e:\myprojects\rat\server\holdinghands\debug\fileselectdlg.obj
e:\myprojects\rat\server\holdinghands\debug\holdinghands.obj
e:\myprojects\rat\server\holdinghands\debug\iocpserver.obj
e:\myprojects\rat\server\holdinghands\debug\kernelsrv.obj
e:\myprojects\rat\server\holdinghands\debug\keybdlogdlg.obj
e:\myprojects\rat\server\holdinghands\debug\keybdlogsrv.obj
e:\myprojects\rat\server\holdinghands\debug\main.obj
e:\myprojects\rat\server\holdinghands\debug\mainfrm.obj
e:\myprojects\rat\server\holdinghands\debug\manager.obj
e:\myprojects\rat\server\holdinghands\debug\minidownloaddlg.obj
e:\myprojects\rat\server\holdinghands\debug\minidownloadsrv.obj
e:\myprojects\rat\server\holdinghands\debug\minifiletransdlg.obj
e:\myprojects\rat\server\holdinghands\debug\minifiletranssrv.obj
e:\myprojects\rat\server\holdinghands\debug\packet.obj
e:\myprojects\rat\server\holdinghands\debug\remotedesktopsrv.obj
e:\myprojects\rat\server\holdinghands\debug\remotedesktopwnd.obj
e:\myprojects\rat\server\holdinghands\debug\settingdlg.obj
e:\myprojects\rat\server\holdinghands\debug\urlinputdlg.obj
e:\myprojects\rat\server\holdinghands\debug\utils.obj
e:\myprojects\rat\server\holdinghands\debug\audioplay.obj
e:\myprojects\rat\server\holdinghands\debug\audiosrv.obj
e:\myprojects\rat\server\holdinghands\debug\builddlg.obj
e:\myprojects\rat\server\holdinghands\debug\cameradlg.obj
e:\myprojects\rat\server\holdinghands\debug\camerasrv.obj
e:\myprojects\rat\server\holdinghands\debug\chatdlg.obj
e:\myprojects\rat\server\holdinghands\debug\chatinputname.obj
e:\myprojects\rat\server\holdinghands\debug\chatsrv.obj
e:\myprojects\rat\server\holdinghands\debug\clientcontext.obj
e:\myprojects\rat\server\holdinghands\debug\clientlist.obj
e:\myprojects\rat\server\holdinghands\debug\cmdedit.obj
e:\myprojects\rat\server\holdinghands\debug\cmdsrv.obj
e:\myprojects\rat\server\holdinghands\debug\cmdwnd.obj
e:\myprojects\rat\server\holdinghands\debug\config.obj
e:\myprojects\rat\server\holdinghands\debug\editcommentdlg.obj
e:\myprojects\rat\server\holdinghands\debug\invalidhandler.obj
e:\myprojects\rat\server\holdinghands\debug\msghandler.obj
e:\myprojects\rat\server\holdinghands\debug\filemanagerdlg.obj
e:\myprojects\rat\server\holdinghands\debug\filemanagersrv.obj
e:\myprojects\rat\server\holdinghands\debug\filemgrsearchdlg.obj
e:\myprojects\rat\server\holdinghands\debug\audiodlg.obj
e:\myprojects\rat\server\holdinghands\debug\audiograb.obj
e:\myprojects\rat\server\debug\holdinghands.ilk
e:\myprojects\rat\server\debug\holdinghands.exe
e:\myprojects\rat\server\debug\holdinghands.pdb
e:\myprojects\rat\server\holdinghands\debug\holdinghands.res
e:\myprojects\rat\server\holdinghands\debug\holdinghands.tlog\cl.command.1.tlog
e:\myprojects\rat\server\holdinghands\debug\holdinghands.tlog\cl.read.1.tlog
e:\myprojects\rat\server\holdinghands\debug\holdinghands.tlog\cl.write.1.tlog
e:\myprojects\rat\server\holdinghands\debug\holdinghands.tlog\link.command.1.tlog
e:\myprojects\rat\server\holdinghands\debug\holdinghands.tlog\link.read.1.tlog
e:\myprojects\rat\server\holdinghands\debug\holdinghands.tlog\link.write.1.tlog
e:\myprojects\rat\server\holdinghands\debug\holdinghands.tlog\rc.command.1.tlog
e:\myprojects\rat\server\holdinghands\debug\holdinghands.tlog\rc.read.1.tlog
e:\myprojects\rat\server\holdinghands\debug\holdinghands.tlog\rc.write.1.tlog
