生成启动时间为 2023/2/9 10:46:24。
     1>项目“E:\MyProjects\HoldingHands\Server\HoldingHands\HoldingHands.vcxproj”在节点 2 上(Build 个目标)。
     1>ClCompile:
         D:\Program Files (x86)\Microsoft Visual Studio 12.0\VC\bin\CL.exe /c /ZI /nologo /W3 /WX- /Od /Oy- /D WIN32 /D _WINDOWS /D _DEBUG /D _UNICODE /D UNICODE /D _HOLDINGHANDS_ /Gm /EHsc /RTC1 /MTd /GS /fp:precise /Zc:wchar_t /Zc:forScope /Yc"stdafx.h" /Fp"Debug\HoldingHands.pch" /Fo"Debug\\" /Fd"Debug\vc120.pdb" /Gd /TP /analyze- /errorReport:prompt stdafx.cpp
         stdafx.cpp
         D:\Program Files (x86)\Microsoft Visual Studio 12.0\VC\bin\CL.exe /c /ZI /nologo /W3 /WX- /Od /Oy- /D WIN32 /D _WINDOWS /D _DEBUG /D _UNICODE /D UNICODE /D _HOLDINGHANDS_ /Gm /EHsc /RTC1 /MTd /GS /fp:precise /Zc:wchar_t /Zc:forScope /Yu"stdafx.h" /Fp"Debug\HoldingHands.pch" /Fo"Debug\\" /Fd"Debug\vc120.pdb" /Gd /TP /analyze- /errorReport:prompt ..\..\Client\Common\utils.cpp AudioDlg.cpp AudioGrab.cpp AudioPlay.cpp AudioSrv.cpp BuildDlg.cpp CameraSrv.cpp CameraWnd.cpp ChatDlg.cpp ChatInputName.cpp ChatSrv.cpp ClientContext.cpp ClientList.cpp CmdEdit.cpp CmdSrv.cpp CmdWnd.cpp Config.cpp EditCommentDlg.cpp InvalidHandler.cpp IOCPProxyServer.cpp MsgHandler.cpp FileManagerDlg.cpp FileManagerSrv.cpp FileMgrSearchDlg.cpp FileMgrSearchSrv.cpp FileSelectDlg.cpp HoldingHands.cpp IOCPServer.cpp KernelSrv.cpp KeybdLogDlg.cpp KeybdLogSrv.cpp main.cpp MainFrm.cpp Manager.cpp MiniDownloadDlg.cpp MiniDownloadSrv.cpp MiniFileTransDlg.cpp MiniFileTransSrv.cpp Packet.cpp RemoteDesktopSrv.cpp RemoteDesktopWnd.cpp SettingDlg.cpp SocksProxyAddrDlg.cpp SocksProxySrv.cpp SocksProxyWnd.cpp UrlInputDlg.cpp
         UrlInputDlg.cpp
         SocksProxyWnd.cpp
     1>e:\myprojects\holdinghands\server\holdinghands\socksproxywnd.cpp(251): warning C4996: 'inet_ntoa': Use inet_ntop() or InetNtop() instead or define _WINSOCK_DEPRECATED_NO_WARNINGS to disable deprecated API warnings
                 c:\program files (x86)\windows kits\8.1\include\um\winsock2.h(1868) : 参见“inet_ntoa”的声明
         SocksProxySrv.cpp
         SocksProxyAddrDlg.cpp
         SettingDlg.cpp
         RemoteDesktopWnd.cpp
     1>e:\myprojects\holdinghands\server\holdinghands\remotedesktopwnd.cpp(322): warning C4018: “<”: 有符号/无符号不匹配
     1>e:\myprojects\holdinghands\server\holdinghands\remotedesktopwnd.cpp(323): warning C4018: “<”: 有符号/无符号不匹配
     1>e:\myprojects\holdinghands\server\holdinghands\remotedesktopwnd.cpp(380): warning C4018: “>”: 有符号/无符号不匹配
     1>e:\myprojects\holdinghands\server\holdinghands\remotedesktopwnd.cpp(384): warning C4018: “>”: 有符号/无符号不匹配
     1>e:\myprojects\holdinghands\server\holdinghands\remotedesktopwnd.cpp(386): warning C4018: “>”: 有符号/无符号不匹配
     1>e:\myprojects\holdinghands\server\holdinghands\remotedesktopwnd.cpp(606): warning C4996: 'strcpy': This function or variable may be unsafe. Consider using strcpy_s instead. To disable deprecation, use _CRT_SECURE_NO_WARNINGS. See online help for details.
                 d:\program files (x86)\microsoft visual studio 12.0\vc\include\string.h(112) : 参见“strcpy”的声明
     1>e:\myprojects\holdinghands\server\holdinghands\remotedesktopwnd.cpp(821): warning C4018: “<”: 有符号/无符号不匹配
     1>e:\myprojects\holdinghands\server\holdinghands\remotedesktopwnd.cpp(822): warning C4018: “<”: 有符号/无符号不匹配
         RemoteDesktopSrv.cpp
         Packet.cpp
         MiniFileTransSrv.cpp
         MiniFileTransDlg.cpp
     1>e:\myprojects\holdinghands\server\holdinghands\minifiletransdlg.cpp(219): warning C4244: “参数”: 从“ULONGLONG”转换到“int”，可能丢失数据
         MiniDownloadSrv.cpp
         MiniDownloadDlg.cpp
     1>e:\myprojects\holdinghands\server\holdinghands\minidownloaddlg.cpp(109): warning C4244: “参数”: 从“__int64”转换到“int”，可能丢失数据
         Manager.cpp
         MainFrm.cpp
         main.cpp
         KeybdLogSrv.cpp
     1>e:\myprojects\holdinghands\server\holdinghands\keybdlogsrv.cpp(130): warning C4800: “char”: 将值强制为布尔值“true”或“false”(性能警告)
         KeybdLogDlg.cpp
         KernelSrv.cpp
         IOCPServer.cpp
     1>e:\myprojects\holdinghands\server\holdinghands\iocpserver.cpp(685): warning C4244: “参数”: 从“DWORD”转换到“USHORT”，可能丢失数据
         HoldingHands.cpp
         正在生成代码...
         正在编译...
         FileSelectDlg.cpp
         FileMgrSearchSrv.cpp
         FileMgrSearchDlg.cpp
         FileManagerSrv.cpp
         FileManagerDlg.cpp
     1>e:\myprojects\holdinghands\server\holdinghands\filemanagerdlg.cpp(451): warning C4244: “=”: 从“DWORD_PTR”转换到“TCHAR”，可能丢失数据
         MsgHandler.cpp
     1>e:\myprojects\holdinghands\server\holdinghands\msghandler.cpp(52): warning C4996: 'inet_ntoa': Use inet_ntop() or InetNtop() instead or define _WINSOCK_DEPRECATED_NO_WARNINGS to disable deprecated API warnings
                 c:\program files (x86)\windows kits\8.1\include\um\winsock2.h(1868) : 参见“inet_ntoa”的声明
     1>e:\myprojects\holdinghands\server\holdinghands\msghandler.cpp(61): warning C4996: 'inet_ntoa': Use inet_ntop() or InetNtop() instead or define _WINSOCK_DEPRECATED_NO_WARNINGS to disable deprecated API warnings
                 c:\program files (x86)\windows kits\8.1\include\um\winsock2.h(1868) : 参见“inet_ntoa”的声明
         IOCPProxyServer.cpp
     1>e:\myprojects\holdinghands\server\holdinghands\iocpproxyserver.cpp(491): warning C4065: switch 语句包含“default”但是未包含“case”标签
     1>e:\myprojects\holdinghands\server\holdinghands\iocpproxyserver.cpp(509): warning C4996: 'sprintf': This function or variable may be unsafe. Consider using sprintf_s instead. To disable deprecation, use _CRT_SECURE_NO_WARNINGS. See online help for details.
                 d:\program files (x86)\microsoft visual studio 12.0\vc\include\stdio.h(356) : 参见“sprintf”的声明
     1>e:\myprojects\holdinghands\server\holdinghands\iocpproxyserver.cpp(509): warning C4996: 'inet_ntoa': Use inet_ntop() or InetNtop() instead or define _WINSOCK_DEPRECATED_NO_WARNINGS to disable deprecated API warnings
                 c:\program files (x86)\windows kits\8.1\include\um\winsock2.h(1868) : 参见“inet_ntoa”的声明
     1>e:\myprojects\holdinghands\server\holdinghands\iocpproxyserver.cpp(515): warning C4996: 'sprintf': This function or variable may be unsafe. Consider using sprintf_s instead. To disable deprecation, use _CRT_SECURE_NO_WARNINGS. See online help for details.
                 d:\program files (x86)\microsoft visual studio 12.0\vc\include\stdio.h(356) : 参见“sprintf”的声明
     1>e:\myprojects\holdinghands\server\holdinghands\iocpproxyserver.cpp(528): warning C4996: 'sprintf': This function or variable may be unsafe. Consider using sprintf_s instead. To disable deprecation, use _CRT_SECURE_NO_WARNINGS. See online help for details.
                 d:\program files (x86)\microsoft visual studio 12.0\vc\include\stdio.h(356) : 参见“sprintf”的声明
     1>e:\myprojects\holdinghands\server\holdinghands\iocpproxyserver.cpp(533): warning C4996: 'sprintf': This function or variable may be unsafe. Consider using sprintf_s instead. To disable deprecation, use _CRT_SECURE_NO_WARNINGS. See online help for details.
                 d:\program files (x86)\microsoft visual studio 12.0\vc\include\stdio.h(356) : 参见“sprintf”的声明
     1>e:\myprojects\holdinghands\server\holdinghands\iocpproxyserver.cpp(536): warning C4996: 'sprintf': This function or variable may be unsafe. Consider using sprintf_s instead. To disable deprecation, use _CRT_SECURE_NO_WARNINGS. See online help for details.
                 d:\program files (x86)\microsoft visual studio 12.0\vc\include\stdio.h(356) : 参见“sprintf”的声明
     1>e:\myprojects\holdinghands\server\holdinghands\iocpproxyserver.cpp(562): warning C4996: 'sprintf': This function or variable may be unsafe. Consider using sprintf_s instead. To disable deprecation, use _CRT_SECURE_NO_WARNINGS. See online help for details.
                 d:\program files (x86)\microsoft visual studio 12.0\vc\include\stdio.h(356) : 参见“sprintf”的声明
     1>e:\myprojects\holdinghands\server\holdinghands\iocpproxyserver.cpp(563): warning C4996: 'sprintf': This function or variable may be unsafe. Consider using sprintf_s instead. To disable deprecation, use _CRT_SECURE_NO_WARNINGS. See online help for details.
                 d:\program files (x86)\microsoft visual studio 12.0\vc\include\stdio.h(356) : 参见“sprintf”的声明
     1>e:\myprojects\holdinghands\server\holdinghands\iocpproxyserver.cpp(615): warning C4996: 'inet_ntoa': Use inet_ntop() or InetNtop() instead or define _WINSOCK_DEPRECATED_NO_WARNINGS to disable deprecated API warnings
                 c:\program files (x86)\windows kits\8.1\include\um\winsock2.h(1868) : 参见“inet_ntoa”的声明
     1>e:\myprojects\holdinghands\server\holdinghands\iocpproxyserver.cpp(657): warning C4996: 'inet_ntoa': Use inet_ntop() or InetNtop() instead or define _WINSOCK_DEPRECATED_NO_WARNINGS to disable deprecated API warnings
                 c:\program files (x86)\windows kits\8.1\include\um\winsock2.h(1868) : 参见“inet_ntoa”的声明
     1>e:\myprojects\holdinghands\server\holdinghands\iocpproxyserver.cpp(948): warning C4244: “参数”: 从“DWORD”转换到“u_short”，可能丢失数据
         InvalidHandler.cpp
         EditCommentDlg.cpp
         Config.cpp
         CmdWnd.cpp
         CmdSrv.cpp
         CmdEdit.cpp
         ClientList.cpp
         ClientContext.cpp
         ChatSrv.cpp
         ChatInputName.cpp
         ChatDlg.cpp
         CameraWnd.cpp
         CameraSrv.cpp
         正在生成代码...
         正在编译...
         BuildDlg.cpp
     1>e:\myprojects\holdinghands\server\holdinghands\builddlg.cpp(72): warning C4018: “<”: 有符号/无符号不匹配
     1>e:\myprojects\holdinghands\server\holdinghands\builddlg.cpp(81): warning C4996: 'strcpy': This function or variable may be unsafe. Consider using strcpy_s instead. To disable deprecation, use _CRT_SECURE_NO_WARNINGS. See online help for details.
                 d:\program files (x86)\microsoft visual studio 12.0\vc\include\string.h(112) : 参见“strcpy”的声明
         AudioSrv.cpp
         AudioPlay.cpp
         AudioGrab.cpp
         AudioDlg.cpp
         utils.cpp
     1>e:\myprojects\holdinghands\client\common\utils.cpp(58): warning C4244: “初始化”: 从“LONGLONG”转换到“double”，可能丢失数据
     1>e:\myprojects\holdinghands\client\common\utils.cpp(68): warning C4996: 'swprintf': swprintf has been changed to conform with the ISO C standard, adding an extra character count parameter. To use traditional Microsoft swprintf, set _CRT_NON_CONFORMING_SWPRINTFS.
                 d:\program files (x86)\microsoft visual studio 12.0\vc\include\swprintf.inl(85) : 参见“swprintf”的声明
     1>e:\myprojects\holdinghands\client\common\utils.cpp(82): warning C4800: “BOOL”: 将值强制为布尔值“true”或“false”(性能警告)
     1>e:\myprojects\holdinghands\client\common\utils.cpp(88): warning C4800: “BOOL”: 将值强制为布尔值“true”或“false”(性能警告)
     1>e:\myprojects\holdinghands\client\common\utils.cpp(102): warning C4800: “BOOL”: 将值强制为布尔值“true”或“false”(性能警告)
     1>e:\myprojects\holdinghands\client\common\utils.cpp(108): warning C4800: “BOOL”: 将值强制为布尔值“true”或“false”(性能警告)
     1>e:\myprojects\holdinghands\client\common\utils.cpp(122): warning C4800: “BOOL”: 将值强制为布尔值“true”或“false”(性能警告)
     1>e:\myprojects\holdinghands\client\common\utils.cpp(128): warning C4800: “BOOL”: 将值强制为布尔值“true”或“false”(性能警告)
     1>e:\myprojects\holdinghands\client\common\utils.cpp(209): warning C4996: 'vsnprintf': This function or variable may be unsafe. Consider using vsnprintf_s instead. To disable deprecation, use _CRT_SECURE_NO_WARNINGS. See online help for details.
                 d:\program files (x86)\microsoft visual studio 12.0\vc\include\stdio.h(337) : 参见“vsnprintf”的声明
     1>e:\myprojects\holdinghands\client\common\utils.cpp(214): warning C4996: 'localtime': This function or variable may be unsafe. Consider using localtime_s instead. To disable deprecation, use _CRT_SECURE_NO_WARNINGS. See online help for details.
                 d:\program files (x86)\microsoft visual studio 12.0\vc\include\time.inl(112) : 参见“localtime”的声明
     1>e:\myprojects\holdinghands\client\common\utils.cpp(216): warning C4996: 'sprintf': This function or variable may be unsafe. Consider using sprintf_s instead. To disable deprecation, use _CRT_SECURE_NO_WARNINGS. See online help for details.
                 d:\program files (x86)\microsoft visual studio 12.0\vc\include\stdio.h(356) : 参见“sprintf”的声明
     1>e:\myprojects\holdinghands\client\common\utils.cpp(218): warning C4996: 'sprintf': This function or variable may be unsafe. Consider using sprintf_s instead. To disable deprecation, use _CRT_SECURE_NO_WARNINGS. See online help for details.
                 d:\program files (x86)\microsoft visual studio 12.0\vc\include\stdio.h(356) : 参见“sprintf”的声明
         正在生成代码...
       ResourceCompile:
         C:\Program Files (x86)\Windows Kits\8.1\bin\x86\rc.exe /D _DEBUG /D _UNICODE /D UNICODE /l"0x0804" /IDebug\ /nologo /fo"Debug\HoldingHands.res" HoldingHands.rc 
       Link:
         D:\Program Files (x86)\Microsoft Visual Studio 12.0\VC\bin\link.exe /ERRORREPORT:PROMPT /OUT:"E:\MyProjects\HoldingHands\Server\Debug\HoldingHands.exe" /INCREMENTAL /NOLOGO /NODEFAULTLIB:libcmt.lib /MANIFEST /MANIFESTUAC:"level='asInvoker' uiAccess='false'" /manifest:embed /manifestinput:"D:\Program Files (x86)\Microsoft Visual Studio 12.0\VC\Include\Manifest\dpiaware.manifest" /DEBUG /PDB:"E:\MyProjects\HoldingHands\Server\Debug\HoldingHands.pdb" /SUBSYSTEM:WINDOWS /TLBID:1 /ENTRY:"wWinMainCRTStartup" /DYNAMICBASE:NO /NXCOMPAT /IMPLIB:"E:\MyProjects\HoldingHands\Server\Debug\HoldingHands.lib" /MACHINE:X86 Debug\HoldingHands.res
         Debug\utils.obj
         Debug\AudioDlg.obj
         Debug\AudioGrab.obj
         Debug\AudioPlay.obj
         Debug\AudioSrv.obj
         Debug\BuildDlg.obj
         Debug\CameraSrv.obj
         Debug\CameraWnd.obj
         Debug\ChatDlg.obj
         Debug\ChatInputName.obj
         Debug\ChatSrv.obj
         Debug\ClientContext.obj
         Debug\ClientList.obj
         Debug\CmdEdit.obj
         Debug\CmdSrv.obj
         Debug\CmdWnd.obj
         Debug\Config.obj
         Debug\EditCommentDlg.obj
         Debug\InvalidHandler.obj
         Debug\IOCPProxyServer.obj
         Debug\MsgHandler.obj
         Debug\FileManagerDlg.obj
         Debug\FileManagerSrv.obj
         Debug\FileMgrSearchDlg.obj
         Debug\FileMgrSearchSrv.obj
         Debug\FileSelectDlg.obj
         Debug\HoldingHands.obj
         Debug\IOCPServer.obj
         Debug\KernelSrv.obj
         Debug\KeybdLogDlg.obj
         Debug\KeybdLogSrv.obj
         Debug\main.obj
         Debug\MainFrm.obj
         Debug\Manager.obj
         Debug\MiniDownloadDlg.obj
         Debug\MiniDownloadSrv.obj
         Debug\MiniFileTransDlg.obj
         Debug\MiniFileTransSrv.obj
         Debug\Packet.obj
         Debug\RemoteDesktopSrv.obj
         Debug\RemoteDesktopWnd.obj
         Debug\SettingDlg.obj
         Debug\SocksProxyAddrDlg.obj
         Debug\SocksProxySrv.obj
         Debug\SocksProxyWnd.obj
         Debug\stdafx.obj
         Debug\UrlInputDlg.obj
         HoldingHands.vcxproj -> E:\MyProjects\HoldingHands\Server\Debug\HoldingHands.exe
     1>已完成生成项目“E:\MyProjects\HoldingHands\Server\HoldingHands\HoldingHands.vcxproj”(Build 个目标)的操作。

生成成功。

已用时间 00:00:16.90
