e:\myprojects\rat\client\kernel\keylogger\debug\vc120.pdb
e:\myprojects\rat\client\kernel\keylogger\debug\vc120.idb
e:\myprojects\rat\client\kernel\keylogger\debug\manager.obj
e:\myprojects\rat\client\kernel\keylogger\debug\msghandler.obj
e:\myprojects\rat\client\kernel\keylogger\debug\unzip.obj
e:\myprojects\rat\client\kernel\keylogger\debug\zip.obj
e:\myprojects\rat\client\kernel\keylogger\debug\keybdlogger.obj
e:\myprojects\rat\client\kernel\keylogger\debug\main.obj
e:\myprojects\rat\client\kernel\keylogger\debug\iocpclient.obj
e:\myprojects\rat\client\kernel\keylogger\debug\packet.obj
e:\myprojects\rat\client\kernel\debug\keylogger.lib
e:\myprojects\rat\client\kernel\debug\keylogger.exp
e:\myprojects\rat\client\kernel\debug\keylogger.ilk
e:\myprojects\rat\client\kernel\debug\keylogger.exe
e:\myprojects\rat\client\kernel\debug\keylogger.pdb
e:\myprojects\rat\client\kernel\keylogger\debug\keylogger.tlog\cl.command.1.tlog
e:\myprojects\rat\client\kernel\keylogger\debug\keylogger.tlog\cl.read.1.tlog
e:\myprojects\rat\client\kernel\keylogger\debug\keylogger.tlog\cl.write.1.tlog
e:\myprojects\rat\client\kernel\keylogger\debug\keylogger.tlog\keylogger.write.1u.tlog
e:\myprojects\rat\client\kernel\keylogger\debug\keylogger.tlog\link.command.1.tlog
e:\myprojects\rat\client\kernel\keylogger\debug\keylogger.tlog\link.read.1.tlog
e:\myprojects\rat\client\kernel\keylogger\debug\keylogger.tlog\link.write.1.tlog
