生成启动时间为 2022/8/13 21:51:52。
     1>项目“D:\RAT\Client\Kernel\RemoteDesktop\RemoteDesktop.vcxproj”在节点 7 上(Build 个目标)。
     1>C:\Program Files (x86)\MSBuild\Microsoft.Cpp\v4.0\V120\Microsoft.CppBuild.targets(364,5): warning MSB8004: Output Directory does not end with a trailing slash.  This build instance will add the slash as it is required to allow proper evaluation of the Output Directory.
     1>ClCompile:
         D:\Program Files (x86)\Microsoft Visual Studio 12.0\VC\bin\CL.exe /c /Zi /nologo /W3 /WX- /O2 /Oi /Oy- /GL /D WIN32 /D NDEBUG /D _WINDOWS /D _WINDLL /D _UNICODE /D UNICODE /Gm- /EHsc /MT /GS /Gy /fp:precise /Zc:wchar_t /Zc:forScope /Fo"Release\\" /Fd"Release\vc120.pdb" /Gd /TP /analyze- /errorReport:prompt ..\Common\IOCPClient.cpp ..\Common\Packet.cpp
         IOCPClient.cpp
     1>..\Common\IOCPClient.cpp(169): warning C4996: 'gethostbyname': Use getaddrinfo() or GetAddrInfoW() instead or define _WINSOCK_DEPRECATED_NO_WARNINGS to disable deprecated API warnings
                 C:\Program Files (x86)\Windows Kits\8.1\Include\um\winsock2.h(2238) : 参见“gethostbyname”的声明
     1>..\Common\IOCPClient.cpp(367): warning C4244: “参数”: 从“DWORD”转换到“WORD”，可能丢失数据
     1>..\Common\IOCPClient.cpp(372): warning C4244: “参数”: 从“DWORD”转换到“WORD”，可能丢失数据
     1>..\Common\IOCPClient.cpp(410): warning C4244: “初始化”: 从“DWORD”转换到“WORD”，可能丢失数据
     1>..\Common\IOCPClient.cpp(435): warning C4244: “初始化”: 从“DWORD”转换到“WORD”，可能丢失数据
     1>..\Common\IOCPClient.cpp(522): warning C4996: 'inet_ntoa': Use inet_ntop() or InetNtop() instead or define _WINSOCK_DEPRECATED_NO_WARNINGS to disable deprecated API warnings
                 C:\Program Files (x86)\Windows Kits\8.1\Include\um\winsock2.h(1868) : 参见“inet_ntoa”的声明
     1>..\Common\IOCPClient.cpp(527): warning C4996: 'inet_ntoa': Use inet_ntop() or InetNtop() instead or define _WINSOCK_DEPRECATED_NO_WARNINGS to disable deprecated API warnings
                 C:\Program Files (x86)\Windows Kits\8.1\Include\um\winsock2.h(1868) : 参见“inet_ntoa”的声明
         Packet.cpp
     1>..\Common\Packet.cpp(50): warning C4018: “<”: 有符号/无符号不匹配
       Link:
         D:\Program Files (x86)\Microsoft Visual Studio 12.0\VC\bin\link.exe /ERRORREPORT:PROMPT /OUT:"..\..\..\HoldingHands\release\modules\rd.dll" /INCREMENTAL:NO /NOLOGO kernel32.lib user32.lib gdi32.lib winspool.lib comdlg32.lib advapi32.lib shell32.lib ole32.lib oleaut32.lib uuid.lib odbc32.lib odbccp32.lib /MANIFEST /MANIFESTUAC:"level='asInvoker' uiAccess='false'" /manifest:embed /DEBUG /PDB:"..\..\..\HoldingHands\release\modules\rd.pdb" /SUBSYSTEM:WINDOWS /OPT:REF /OPT:ICF /LTCG /TLBID:1 /DYNAMICBASE /NXCOMPAT /IMPLIB:"..\..\..\HoldingHands\release\modules\rd.lib" /MACHINE:X86 /SAFESEH /DLL Release\EventHandler.obj
         Release\IOCPClient.obj
         Release\Packet.obj
         Release\DesktopGrab.obj
         Release\main.obj
         Release\RemoteDesktop.obj
            正在创建库 ..\..\..\HoldingHands\release\modules\rd.lib 和对象 ..\..\..\HoldingHands\release\modules\rd.exp
         正在生成代码
         已完成代码的生成
         RemoteDesktop.vcxproj -> D:\RAT\Client\Kernel\RemoteDesktop\..\..\..\HoldingHands\release\modules\rd.dll
     1>已完成生成项目“D:\RAT\Client\Kernel\RemoteDesktop\RemoteDesktop.vcxproj”(Build 个目标)的操作。

生成成功。

已用时间 00:00:01.82
