e:\myprojects\rat\client\kernel\remotedesktop\debug\vc120.pdb
e:\myprojects\rat\client\kernel\remotedesktop\debug\vc120.idb
e:\myprojects\rat\client\kernel\remotedesktop\debug\iocpclient.obj
e:\myprojects\rat\client\kernel\remotedesktop\debug\manager.obj
e:\myprojects\rat\client\kernel\remotedesktop\debug\msghandler.obj
e:\myprojects\rat\client\kernel\remotedesktop\debug\packet.obj
e:\myprojects\rat\client\kernel\remotedesktop\debug\desktopgrab.obj
e:\myprojects\rat\client\kernel\remotedesktop\debug\main.obj
e:\myprojects\rat\client\kernel\remotedesktop\debug\remotedesktop.obj
e:\myprojects\rat\client\kernel\debug\remotedesktop.ilk
e:\myprojects\rat\client\kernel\debug\remotedesktop.dll
e:\myprojects\rat\client\kernel\debug\remotedesktop.pdb
e:\myprojects\rat\client\kernel\debug\remotedesktop.lib
e:\myprojects\rat\client\kernel\debug\remotedesktop.exp
e:\myprojects\rat\client\kernel\remotedesktop\debug\remotedesktop.tlog\cl.command.1.tlog
e:\myprojects\rat\client\kernel\remotedesktop\debug\remotedesktop.tlog\cl.read.1.tlog
e:\myprojects\rat\client\kernel\remotedesktop\debug\remotedesktop.tlog\cl.write.1.tlog
e:\myprojects\rat\client\kernel\remotedesktop\debug\remotedesktop.tlog\link.command.1.tlog
e:\myprojects\rat\client\kernel\remotedesktop\debug\remotedesktop.tlog\link.read.1.tlog
e:\myprojects\rat\client\kernel\remotedesktop\debug\remotedesktop.tlog\link.write.1.tlog
e:\myprojects\rat\client\kernel\remotedesktop\debug\remotedesktop.tlog\remotedesktop.write.1u.tlog
