生成启动时间为 2023/2/7 12:38:34。
     1>项目“E:\MyProjects\RAT\Client\RemoteDesktop\RemoteDesktop.vcxproj”在节点 2 上(Build 个目标)。
     1>ClCompile:
         D:\Program Files (x86)\Microsoft Visual Studio 12.0\VC\bin\CL.exe /c /ZI /nologo /W3 /WX- /Od /Oy- /D WIN32 /D _DEBUG /D _WINDOWS /D _USING_V110_SDK71_ /D _UNICODE /D UNICODE /Gm /EHsc /RTC1 /MTd /GS /fp:precise /Zc:wchar_t /Zc:forScope /Fo"Debug\\" /Fd"Debug\vc120.pdb" /Gd /TP /analyze- /errorReport:prompt RemoteDesktop.cpp
         RemoteDesktop.cpp
     1>e:\myprojects\rat\client\remotedesktop\remotedesktop.cpp(195): warning C4996: 'sprintf': This function or variable may be unsafe. Consider using sprintf_s instead. To disable deprecation, use _CRT_SECURE_NO_WARNINGS. See online help for details.
                 d:\program files (x86)\microsoft visual studio 12.0\vc\include\stdio.h(356) : 参见“sprintf”的声明
     1>e:\myprojects\rat\client\remotedesktop\remotedesktop.cpp(203): warning C4996: 'sprintf': This function or variable may be unsafe. Consider using sprintf_s instead. To disable deprecation, use _CRT_SECURE_NO_WARNINGS. See online help for details.
                 d:\program files (x86)\microsoft visual studio 12.0\vc\include\stdio.h(356) : 参见“sprintf”的声明
     1>e:\myprojects\rat\client\remotedesktop\remotedesktop.cpp(380): warning C4244: “参数”: 从“DWORD”转换到“BYTE”，可能丢失数据
     1>e:\myprojects\rat\client\remotedesktop\remotedesktop.cpp(383): warning C4244: “参数”: 从“DWORD”转换到“BYTE”，可能丢失数据
       Link:
         D:\Program Files (x86)\Microsoft Visual Studio 12.0\VC\bin\link.exe /ERRORREPORT:PROMPT /OUT:"E:\MyProjects\RAT\Client\Debug\RemoteDesktop.exe" /INCREMENTAL /NOLOGO kernel32.lib user32.lib gdi32.lib winspool.lib comdlg32.lib advapi32.lib shell32.lib ole32.lib oleaut32.lib uuid.lib odbc32.lib odbccp32.lib /NODEFAULTLIB:libcmt.lib /MANIFEST /MANIFESTUAC:"level='asInvoker' uiAccess='false'" /manifest:embed /DEBUG /PDB:"E:\MyProjects\RAT\Client\Debug\RemoteDesktop.pdb" /SUBSYSTEM:CONSOLE,"5.01" /TLBID:1 /DYNAMICBASE /NXCOMPAT /IMPLIB:"E:\MyProjects\RAT\Client\Debug\RemoteDesktop.lib" /MACHINE:X86 Debug\IOCPClient.obj
         Debug\MsgHandler.obj
         Debug\Packet.obj
         Debug\utils.obj
         Debug\DesktopGrab.obj
         Debug\main.obj
         Debug\RemoteDesktop.obj
         RemoteDesktop.vcxproj -> E:\MyProjects\RAT\Client\Debug\RemoteDesktop.exe
     1>已完成生成项目“E:\MyProjects\RAT\Client\RemoteDesktop\RemoteDesktop.vcxproj”(Build 个目标)的操作。

生成成功。

已用时间 00:00:00.89
