e:\myprojects\rat\client\cmd\debug\vc120.pdb
e:\myprojects\rat\client\cmd\debug\vc120.idb
e:\myprojects\rat\client\cmd\debug\iocpclient.obj
e:\myprojects\rat\client\cmd\debug\manager.obj
e:\myprojects\rat\client\cmd\debug\msghandler.obj
e:\myprojects\rat\client\cmd\debug\packet.obj
e:\myprojects\rat\client\cmd\debug\cmd.obj
e:\myprojects\rat\client\cmd\debug\main.obj
e:\myprojects\rat\client\debug\shell.lib
e:\myprojects\rat\client\debug\shell.exp
e:\myprojects\rat\client\debug\shell.ilk
e:\myprojects\rat\client\debug\shell.exe
e:\myprojects\rat\client\debug\shell.pdb
e:\myprojects\rat\client\cmd\debug\cmd.tlog\cl.command.1.tlog
e:\myprojects\rat\client\cmd\debug\cmd.tlog\cl.read.1.tlog
e:\myprojects\rat\client\cmd\debug\cmd.tlog\cl.write.1.tlog
e:\myprojects\rat\client\cmd\debug\cmd.tlog\cmd.write.1u.tlog
e:\myprojects\rat\client\cmd\debug\cmd.tlog\link.command.1.tlog
e:\myprojects\rat\client\cmd\debug\cmd.tlog\link.read.1.tlog
e:\myprojects\rat\client\cmd\debug\cmd.tlog\link.write.1.tlog
