e:\myprojects\rat\client\kernel\filemanager\debug\vc120.pdb
e:\myprojects\rat\client\kernel\filemanager\debug\vc120.idb
e:\myprojects\rat\client\kernel\filemanager\debug\iocpclient.obj
e:\myprojects\rat\client\kernel\filemanager\debug\packet.obj
e:\myprojects\rat\client\kernel\filemanager\debug\searchfile.obj
e:\myprojects\rat\client\kernel\filemanager\debug\main.obj
e:\myprojects\rat\client\kernel\filemanager\debug\msghandler.obj
e:\myprojects\rat\client\kernel\filemanager\debug\manager.obj
e:\myprojects\rat\client\kernel\filemanager\debug\filedownloader.obj
e:\myprojects\rat\client\kernel\filemanager\debug\filemgrsearch.obj
e:\myprojects\rat\client\kernel\filemanager\debug\filetrans.obj
e:\myprojects\rat\client\kernel\filemanager\debug\filemanager.obj
d:\rat\holdinghands\release\modules\filemgr.lib
d:\rat\holdinghands\release\modules\filemgr.exp
e:\myprojects\rat\client\kernel\debug\filemgr.lib
e:\myprojects\rat\client\kernel\debug\filemgr.exp
e:\myprojects\rat\client\kernel\debug\filemgr.ilk
e:\myprojects\rat\client\kernel\debug\filemgr.exe
e:\myprojects\rat\client\kernel\debug\filemgr.pdb
e:\myprojects\rat\client\kernel\filemanager\debug\eventhandler.obj
e:\myprojects\rat\client\kernel\filemanager\debug\modulemgr.obj
e:\myprojects\rat\client\kernel\filemanager\debug\filemanager.tlog\cl.command.1.tlog
e:\myprojects\rat\client\kernel\filemanager\debug\filemanager.tlog\cl.read.1.tlog
e:\myprojects\rat\client\kernel\filemanager\debug\filemanager.tlog\cl.write.1.tlog
e:\myprojects\rat\client\kernel\filemanager\debug\filemanager.tlog\filemanager.write.1u.tlog
e:\myprojects\rat\client\kernel\filemanager\debug\filemanager.tlog\link.command.1.tlog
e:\myprojects\rat\client\kernel\filemanager\debug\filemanager.tlog\link.read.1.tlog
e:\myprojects\rat\client\kernel\filemanager\debug\filemanager.tlog\link.write.1.tlog
