生成启动时间为 2022/7/17 23:35:37。
     1>项目“D:\RAT\Client\Kernel\FileDownloader\FileDownloader.vcxproj”在节点 8 上(Build 个目标)。
     1>ClCompile:
         D:\Program Files (x86)\Microsoft Visual Studio 12.0\VC\bin\CL.exe /c /ZI /nologo /W3 /WX- /Od /Oy- /D WIN32 /D _DEBUG /D _WINDOWS /D _WINDLL /D _UNICODE /D UNICODE /Gm /EHsc /RTC1 /MTd /GS /fp:precise /Zc:wchar_t /Zc:forScope /Fo"Debug\\" /Fd"Debug\vc120.pdb" /Gd /TP /analyze- /errorReport:prompt ..\Common\IOCPClient.cpp
         IOCPClient.cpp
     1>d:\rat\client\kernel\common\iocpclient.cpp(169): warning C4996: 'gethostbyname': Use getaddrinfo() or GetAddrInfoW() instead or define _WINSOCK_DEPRECATED_NO_WARNINGS to disable deprecated API warnings
                 c:\program files (x86)\windows kits\8.1\include\um\winsock2.h(2238) : 参见“gethostbyname”的声明
     1>d:\rat\client\kernel\common\iocpclient.cpp(365): warning C4244: “参数”: 从“DWORD”转换到“WORD”，可能丢失数据
     1>d:\rat\client\kernel\common\iocpclient.cpp(370): warning C4244: “参数”: 从“DWORD”转换到“WORD”，可能丢失数据
     1>d:\rat\client\kernel\common\iocpclient.cpp(408): warning C4244: “初始化”: 从“DWORD”转换到“WORD”，可能丢失数据
     1>d:\rat\client\kernel\common\iocpclient.cpp(433): warning C4244: “初始化”: 从“DWORD”转换到“WORD”，可能丢失数据
     1>d:\rat\client\kernel\common\iocpclient.cpp(520): warning C4996: 'inet_ntoa': Use inet_ntop() or InetNtop() instead or define _WINSOCK_DEPRECATED_NO_WARNINGS to disable deprecated API warnings
                 c:\program files (x86)\windows kits\8.1\include\um\winsock2.h(1868) : 参见“inet_ntoa”的声明
     1>d:\rat\client\kernel\common\iocpclient.cpp(525): warning C4996: 'inet_ntoa': Use inet_ntop() or InetNtop() instead or define _WINSOCK_DEPRECATED_NO_WARNINGS to disable deprecated API warnings
                 c:\program files (x86)\windows kits\8.1\include\um\winsock2.h(1868) : 参见“inet_ntoa”的声明
       Link:
         D:\Program Files (x86)\Microsoft Visual Studio 12.0\VC\bin\link.exe /ERRORREPORT:PROMPT /OUT:"D:\RAT\Client\Kernel\Debug\FileDownloader.dll" /INCREMENTAL /NOLOGO kernel32.lib user32.lib gdi32.lib winspool.lib comdlg32.lib advapi32.lib shell32.lib ole32.lib oleaut32.lib uuid.lib odbc32.lib odbccp32.lib /MANIFEST /MANIFESTUAC:"level='asInvoker' uiAccess='false'" /manifest:embed /DEBUG /PDB:"D:\RAT\Client\Kernel\Debug\FileDownloader.pdb" /SUBSYSTEM:WINDOWS /TLBID:1 /DYNAMICBASE /NXCOMPAT /IMPLIB:"D:\RAT\Client\Kernel\Debug\FileDownloader.lib" /MACHINE:X86 /DLL Debug\EventHandler.obj
         Debug\IOCPClient.obj
         Debug\Packet.obj
         Debug\FileDownloader.obj
         Debug\main.obj
         FileDownloader.vcxproj -> D:\RAT\Client\Kernel\Debug\FileDownloader.dll
     1>已完成生成项目“D:\RAT\Client\Kernel\FileDownloader\FileDownloader.vcxproj”(Build 个目标)的操作。

生成成功。

已用时间 00:00:01.06
