生成启动时间为 2022/7/17 23:36:30。
     1>项目“D:\RAT\Client\Kernel\RemoteDesktop\RemoteDesktop.vcxproj”在节点 2 上(Build 个目标)。
     1>ClCompile:
         D:\Program Files (x86)\Microsoft Visual Studio 12.0\VC\bin\CL.exe /c /ZI /nologo /W3 /WX- /Od /Oy- /D WIN32 /D _DEBUG /D _WINDOWS /D _WINDLL /D _UNICODE /D UNICODE /Gm /EHsc /RTC1 /MTd /GS /fp:precise /Zc:wchar_t /Zc:forScope /Fo"Debug\\" /Fd"Debug\vc120.pdb" /Gd /TP /analyze- /errorReport:prompt ..\Common\EventHandler.cpp ..\Common\IOCPClient.cpp ..\Common\Packet.cpp DesktopGrab.cpp main.cpp RemoteDesktop.cpp
         RemoteDesktop.cpp
     1>d:\rat\client\kernel\remotedesktop\remotedesktop.cpp(175): warning C4996: 'sprintf': This function or variable may be unsafe. Consider using sprintf_s instead. To disable deprecation, use _CRT_SECURE_NO_WARNINGS. See online help for details.
                 d:\program files (x86)\microsoft visual studio 12.0\vc\include\stdio.h(356) : 参见“sprintf”的声明
     1>d:\rat\client\kernel\remotedesktop\remotedesktop.cpp(183): warning C4996: 'sprintf': This function or variable may be unsafe. Consider using sprintf_s instead. To disable deprecation, use _CRT_SECURE_NO_WARNINGS. See online help for details.
                 d:\program files (x86)\microsoft visual studio 12.0\vc\include\stdio.h(356) : 参见“sprintf”的声明
     1>d:\rat\client\kernel\remotedesktop\remotedesktop.cpp(313): warning C4101: “dwUsedTime”: 未引用的局部变量
     1>d:\rat\client\kernel\remotedesktop\remotedesktop.cpp(336): warning C4244: “参数”: 从“DWORD”转换到“BYTE”，可能丢失数据
     1>d:\rat\client\kernel\remotedesktop\remotedesktop.cpp(339): warning C4244: “参数”: 从“DWORD”转换到“BYTE”，可能丢失数据
         main.cpp
         DesktopGrab.cpp
     1>d:\rat\client\kernel\remotedesktop\desktopgrab.cpp(124): warning C4244: “=”: 从“DWORD”转换到“WORD”，可能丢失数据
         Packet.cpp
     1>d:\rat\client\kernel\common\packet.cpp(51): warning C4018: “<”: 有符号/无符号不匹配
         IOCPClient.cpp
     1>d:\rat\client\kernel\common\iocpclient.cpp(169): warning C4996: 'gethostbyname': Use getaddrinfo() or GetAddrInfoW() instead or define _WINSOCK_DEPRECATED_NO_WARNINGS to disable deprecated API warnings
                 c:\program files (x86)\windows kits\8.1\include\um\winsock2.h(2238) : 参见“gethostbyname”的声明
     1>d:\rat\client\kernel\common\iocpclient.cpp(365): warning C4244: “参数”: 从“DWORD”转换到“WORD”，可能丢失数据
     1>d:\rat\client\kernel\common\iocpclient.cpp(370): warning C4244: “参数”: 从“DWORD”转换到“WORD”，可能丢失数据
     1>d:\rat\client\kernel\common\iocpclient.cpp(408): warning C4244: “初始化”: 从“DWORD”转换到“WORD”，可能丢失数据
     1>d:\rat\client\kernel\common\iocpclient.cpp(433): warning C4244: “初始化”: 从“DWORD”转换到“WORD”，可能丢失数据
     1>d:\rat\client\kernel\common\iocpclient.cpp(520): warning C4996: 'inet_ntoa': Use inet_ntop() or InetNtop() instead or define _WINSOCK_DEPRECATED_NO_WARNINGS to disable deprecated API warnings
                 c:\program files (x86)\windows kits\8.1\include\um\winsock2.h(1868) : 参见“inet_ntoa”的声明
     1>d:\rat\client\kernel\common\iocpclient.cpp(525): warning C4996: 'inet_ntoa': Use inet_ntop() or InetNtop() instead or define _WINSOCK_DEPRECATED_NO_WARNINGS to disable deprecated API warnings
                 c:\program files (x86)\windows kits\8.1\include\um\winsock2.h(1868) : 参见“inet_ntoa”的声明
         EventHandler.cpp
         正在生成代码...
       Link:
         D:\Program Files (x86)\Microsoft Visual Studio 12.0\VC\bin\link.exe /ERRORREPORT:PROMPT /OUT:"D:\RAT\Client\Kernel\Debug\RemoteDesktop.dll" /INCREMENTAL /NOLOGO kernel32.lib user32.lib gdi32.lib winspool.lib comdlg32.lib advapi32.lib shell32.lib ole32.lib oleaut32.lib uuid.lib odbc32.lib odbccp32.lib /NODEFAULTLIB:libcmt.lib /MANIFEST /MANIFESTUAC:"level='asInvoker' uiAccess='false'" /manifest:embed /DEBUG /PDB:"D:\RAT\Client\Kernel\Debug\RemoteDesktop.pdb" /SUBSYSTEM:WINDOWS /TLBID:1 /DYNAMICBASE /NXCOMPAT /IMPLIB:"D:\RAT\Client\Kernel\Debug\RemoteDesktop.lib" /MACHINE:X86 /DLL Debug\EventHandler.obj
         Debug\IOCPClient.obj
         Debug\Packet.obj
         Debug\DesktopGrab.obj
         Debug\main.obj
         Debug\RemoteDesktop.obj
            正在创建库 D:\RAT\Client\Kernel\Debug\RemoteDesktop.lib 和对象 D:\RAT\Client\Kernel\Debug\RemoteDesktop.exp
         RemoteDesktop.vcxproj -> D:\RAT\Client\Kernel\Debug\RemoteDesktop.dll
     1>已完成生成项目“D:\RAT\Client\Kernel\RemoteDesktop\RemoteDesktop.vcxproj”(Build 个目标)的操作。

生成成功。

已用时间 00:00:02.61
