生成启动时间为 2022/7/27 23:23:08。
     1>项目“D:\RAT\Client\Kernel\FileManager\FileManager.vcxproj”在节点 8 上(Build 个目标)。
     1>C:\Program Files (x86)\MSBuild\Microsoft.Cpp\v4.0\V120\Microsoft.CppBuild.targets(364,5): warning MSB8004: Output Directory does not end with a trailing slash.  This build instance will add the slash as it is required to allow proper evaluation of the Output Directory.
     1>Link:
         D:\Program Files (x86)\Microsoft Visual Studio 12.0\VC\bin\link.exe /ERRORREPORT:PROMPT /OUT:"..\..\..\HoldingHands\release\modules\filemgr.dll" /INCREMENTAL:NO /NOLOGO kernel32.lib user32.lib gdi32.lib winspool.lib comdlg32.lib advapi32.lib shell32.lib ole32.lib oleaut32.lib uuid.lib odbc32.lib odbccp32.lib /MANIFEST /MANIFESTUAC:"level='asInvoker' uiAccess='false'" /manifest:embed /DEBUG /PDB:"..\..\..\HoldingHands\release\modules\filemgr.pdb" /SUBSYSTEM:WINDOWS /OPT:REF /OPT:ICF /LTCG /TLBID:1 /DYNAMICBASE /NXCOMPAT /IMPLIB:"..\..\..\HoldingHands\release\modules\filemgr.lib" /MACHINE:X86 /SAFESEH /DLL Release\EventHandler.obj
         Release\IOCPClient.obj
         Release\Packet.obj
         Release\FileDownloader.obj
         Release\FileManager.obj
         Release\FileMgrSearch.obj
         Release\FileTrans.obj
         Release\main.obj
         Release\SearchFile.obj
            正在创建库 ..\..\..\HoldingHands\release\modules\filemgr.lib 和对象 ..\..\..\HoldingHands\release\modules\filemgr.exp
         正在生成代码
         已完成代码的生成
         FileManager.vcxproj -> D:\RAT\Client\Kernel\FileManager\..\..\..\HoldingHands\release\modules\filemgr.dll
     1>已完成生成项目“D:\RAT\Client\Kernel\FileManager\FileManager.vcxproj”(Build 个目标)的操作。

生成成功。

已用时间 00:00:00.71
