e:\rat\client\kernel\filedownloader\debug\vc120.pdb
e:\rat\client\kernel\filedownloader\debug\vc120.idb
e:\rat\client\kernel\filedownloader\debug\eventhandler.obj
e:\rat\client\kernel\filedownloader\debug\iocpclient.obj
e:\rat\client\kernel\filedownloader\debug\packet.obj
e:\rat\client\kernel\filedownloader\debug\filedownloader.obj
e:\rat\client\kernel\filedownloader\debug\main.obj
e:\myprojects\rat\client\kernel\filedownloader\debug\vc120.pdb
e:\myprojects\rat\client\kernel\filedownloader\debug\vc120.idb
e:\myprojects\rat\client\kernel\filedownloader\debug\iocpclient.obj
e:\myprojects\rat\client\kernel\filedownloader\debug\packet.obj
e:\myprojects\rat\client\kernel\filedownloader\debug\filedownloader.obj
e:\myprojects\rat\client\kernel\filedownloader\debug\main.obj
e:\myprojects\rat\client\kernel\filedownloader\debug\manager.obj
e:\myprojects\rat\client\kernel\filedownloader\debug\msghandler.obj
e:\rat\client\kernel\debug\filedownloader.lib
e:\rat\client\kernel\debug\filedownloader.exp
e:\myprojects\rat\client\kernel\debug\filedownloader.lib
e:\myprojects\rat\client\kernel\debug\filedownloader.exp
e:\rat\client\kernel\debug\filedownloader.ilk
e:\rat\client\kernel\debug\filedownloader.dll
e:\rat\client\kernel\debug\filedownloader.pdb
e:\myprojects\rat\client\kernel\debug\filedownloader.ilk
e:\myprojects\rat\client\kernel\debug\filedownloader.dll
e:\myprojects\rat\client\kernel\debug\filedownloader.pdb
e:\myprojects\rat\client\kernel\filedownloader\debug\eventhandler.obj
e:\myprojects\rat\client\kernel\filedownloader\debug\filedownloader.tlog\cl.command.1.tlog
e:\myprojects\rat\client\kernel\filedownloader\debug\filedownloader.tlog\cl.read.1.tlog
e:\myprojects\rat\client\kernel\filedownloader\debug\filedownloader.tlog\cl.write.1.tlog
e:\myprojects\rat\client\kernel\filedownloader\debug\filedownloader.tlog\filedownloader.write.1u.tlog
e:\myprojects\rat\client\kernel\filedownloader\debug\filedownloader.tlog\link.command.1.tlog
e:\myprojects\rat\client\kernel\filedownloader\debug\filedownloader.tlog\link.read.1.tlog
e:\myprojects\rat\client\kernel\filedownloader\debug\filedownloader.tlog\link.write.1.tlog
