e:\myprojects\rat\client\kernel\debug\chat.lib
e:\myprojects\rat\client\kernel\debug\chat.exp
e:\myprojects\rat\client\kernel\chat\debug\vc120.pdb
e:\myprojects\rat\client\kernel\chat\debug\vc120.idb
e:\myprojects\rat\client\kernel\chat\debug\iocpclient.obj
e:\myprojects\rat\client\kernel\chat\debug\packet.obj
e:\myprojects\rat\client\kernel\chat\debug\chat.obj
e:\myprojects\rat\client\kernel\chat\debug\manager.obj
e:\myprojects\rat\client\kernel\chat\debug\msghandler.obj
e:\myprojects\rat\client\kernel\chat\debug\main.obj
e:\myprojects\rat\client\kernel\debug\chat.ilk
e:\myprojects\rat\client\kernel\debug\chat.exe
e:\myprojects\rat\client\kernel\debug\chat.pdb
e:\myprojects\rat\client\kernel\chat\debug\eventhandler.obj
e:\myprojects\rat\client\kernel\chat\debug\chat.tlog\chat.write.1u.tlog
e:\myprojects\rat\client\kernel\chat\debug\chat.tlog\cl.command.1.tlog
e:\myprojects\rat\client\kernel\chat\debug\chat.tlog\cl.read.1.tlog
e:\myprojects\rat\client\kernel\chat\debug\chat.tlog\cl.write.1.tlog
e:\myprojects\rat\client\kernel\chat\debug\chat.tlog\link.command.1.tlog
e:\myprojects\rat\client\kernel\chat\debug\chat.tlog\link.read.1.tlog
e:\myprojects\rat\client\kernel\chat\debug\chat.tlog\link.write.1.tlog
